2022-05-05 12:11:43,839 - __main__ - INFO - Start ICSW_2022 pipeline
2022-05-05 12:11:43,840 - __main__ - INFO - STEP 1: [STARTING] Module 1:  Prototype
2022-05-05 12:11:43,840 - __main__ - INFO - Read file: /Users/manuel/Desktop/ISWC_submission/ISWC_2022/JSON_Artefacts/Aprile.json
2022-05-05 12:11:43,841 - __main__ - INFO - Load instances from: /Users/manuel/Desktop/ISWC_submission/ISWC_2022/JSON_Artefacts/Aprile.json
2022-05-05 12:11:43,841 - __main__ - INFO - Insert art work in dict
2022-05-05 12:11:46,757 - __main__ - INFO - Write file foreach artwork in dict
2022-05-05 12:11:46,759 - __main__ - INFO - Write file words in artwork: spiceartefactAprile
2022-05-05 12:11:46,760 - __main__ - INFO - File generated in /Users/manuel/Desktop/ISWC_submission/ISWC_2022/Creazione dei prototipi\imma_for_cocos/
2022-05-05 12:11:46,760 - __main__ - INFO - Prototypes execution terminate succesfully!
2022-05-05 12:11:46,761 - __main__ - INFO - STEP 1: [STARTING] Module 1:  Transformer
2022-05-05 12:11:46,761 - __main__ - INFO - Change directory: Creazione dei prototipi/
2022-05-05 12:11:46,761 - __main__ - INFO - Directory changed successfully /Users/manuel/Desktop/ISWC_submission/ISWC_2022/Creazione dei prototipi
2022-05-05 12:11:49,643 - __main__ - INFO - Change directory: Sistema di raccomandazione/Classificatore/
2022-05-05 12:11:49,644 - __main__ - INFO - Directory changed successfully /Users/manuel/Desktop/ISWC_submission/ISWC_2022/Sistema di raccomandazione/Classificatore
2022-05-05 12:11:49,647 - __main__ - INFO - Write artworks: <_io.TextIOWrapper name='/Users/manuel/Desktop/ISWC_submission/ISWC_2022/Sistema di raccomandazione/Classificatore/imma_only_lemmas.json' mode='w' encoding='utf-8'>
2022-05-05 12:11:49,647 - __main__ - INFO - Transformer execution terminate successfully!
2022-05-05 12:11:49,647 - __main__ - INFO - STEP 2: [CHANGE-DIR] - Sistema di raccomandazione/Classificatore/
2022-05-05 12:11:49,647 - __main__ - INFO - STEP 3: [EXECUTE] ./Launch_Recommender.sh ../prototipi_6
2022-05-05 12:11:54,722 - __main__ - INFO - STEP 4: Loading RDF triple for reasoning and recommendation
2022-05-05 12:11:54,723 - __main__ - INFO - Directory changed successfully: /Users/manuel/Desktop/ISWC_submission/ISWC_2022/Sistema di raccomandazione/Classificatore
2022-05-05 12:11:54,723 - __main__ - INFO - java -jar update.jar
2022-05-05 12:11:54,723 - __main__ - INFO - STEP 5: [SUCCESSFULLY] java -jar update.jar
